<?xml version="1.0" encoding="UTF-8"?>
<!-- Generated by org.testng.reporters.JUnitXMLReporter -->
<testsuite hostname="JeffSchulthies.local" name="Command line test" tests="8" failures="0" timestamp="15 Apr 2015 06:03:42 GMT" time="0.316" errors="0">
  <testcase name="testRetrieveArticle" time="0.219" classname="gwu.jeffschulthies.data.parser.ArticleBodyTest"/>
  <testcase name="testRetrieveArticleHeadline" time="0.086" classname="gwu.jeffschulthies.data.parser.ArticleHeadlineTest"/>
  <testcase name="testRetriveArticleLinks" time="0.0" classname="gwu.jeffschulthies.data.parser.ArticleLinksTest"/>
  <testcase name="testFileWriter" time="0.0" classname="gwu.jeffschulthies.data.fileio.FileOutputTest"/>
  <testcase name="testGetDate" time="0.0" classname="gwu.jeffschulthies.data.fileio.FileOutputTest"/>
  <testcase name="testRetrieveHomepage" time="0.0" classname="gwu.jeffschulthies.data.parser.HomepageTest"/>
  <testcase name="testRetrieveFirstArticle" time="0.0" classname="gwu.jeffschulthies.data.retrieval.RetrievePageTest"/>
  <testcase name="testRetrieveWebPage" time="0.0" classname="gwu.jeffschulthies.data.retrieval.RetrievePageTest"/>
</testsuite> <!-- Command line test -->
