<?xml version="1.0" encoding="UTF-8"?>
<!-- Generated by org.testng.reporters.JUnitXMLReporter -->
<testsuite hostname="JeffSchulthies.local" name="Command line test" tests="8" failures="0" timestamp="15 Apr 2015 04:49:26 GMT" time="0.514" errors="0">
  <testcase name="testRetrieveArticle" time="0.241" classname="data.parser.ArticleBodyTest"/>
  <testcase name="testRetrieveArticleHeadline" time="0.261" classname="data.parser.ArticleHeadlineTest"/>
  <testcase name="testRetriveArticleLinks" time="0.0" classname="data.parser.ArticleLinksTest"/>
  <testcase name="testFileWriter" time="0.0" classname="data.fileio.FileOutputTest"/>
  <testcase name="testGetDate" time="0.0" classname="data.fileio.FileOutputTest"/>
  <testcase name="testRetrieveHomepage" time="0.001" classname="data.parser.HomepageTest"/>
  <testcase name="testRetrieveFirstArticle" time="0.0" classname="data.retrieval.RetrievePageTest"/>
  <testcase name="testRetrieveWebPage" time="0.0" classname="data.retrieval.RetrievePageTest"/>
</testsuite> <!-- Command line test -->
